# JRE version: OpenJDK Runtime Environment (11.0.10) (build 11.0.10+0-b96-7249189)
# Java VM: OpenJDK 64-Bit Server VM (11.0.10+0-b96-7249189, mixed mode, tiered, compressed oops, g1 gc, windows-amd64)
Heap:
 garbage-first heap   total 396288K, used 196419K [0x0000000080000000, 0x0000000100000000)
  region size 1024K, 57 young (58368K), 20 survivors (20480K)
 Metaspace       used 100664K, capacity 103498K, committed 103552K, reserved 1138688K
  class space    used 13070K, capacity 14169K, committed 14208K, reserved 1048576K
GC Heap History (20 events):
Event: 54.625 GC heap before
{Heap before GC invocations=78 (full 0):
 garbage-first heap   total 204800K, used 171258K [0x0000000080000000, 0x0000000100000000)
  region size 1024K, 78 young (79872K), 5 survivors (5120K)
 Metaspace       used 95459K, capacity 98064K, committed 98816K, reserved 1134592K
  class space    used 12550K, capacity 13554K, committed 13824K, reserved 1048576K
}
Event: 54.639 GC heap after
{Heap after GC invocations=79 (full 0):
 garbage-first heap   total 204800K, used 97017K [0x0000000080000000, 0x0000000100000000)
  region size 1024K, 5 young (5120K), 5 survivors (5120K)
 Metaspace       used 95459K, capacity 98064K, committed 98816K, reserved 1134592K
  class space    used 12550K, capacity 13554K, committed 13824K, reserved 1048576K
}
Event: 54.907 GC heap before
{Heap before GC invocations=79 (full 0):
 garbage-first heap   total 204800K, used 172793K [0x0000000080000000, 0x0000000100000000)
  region size 1024K, 79 young (80896K), 5 survivors (5120K)
 Metaspace       used 95711K, capacity 98392K, committed 99072K, reserved 1134592K
  class space    used 12550K, capacity 13554K, committed 13824K, reserved 1048576K
}
Event: 54.919 GC heap after
{Heap after GC invocations=80 (full 0):
 garbage-first heap   total 245760K, used 97817K [0x0000000080000000, 0x0000000100000000)
  region size 1024K, 6 young (6144K), 6 survivors (6144K)
 Metaspace       used 95711K, capacity 98392K, committed 99072K, reserved 1134592K
  class space    used 12550K, capacity 13554K, committed 13824K, reserved 1048576K
}
Event: 55.235 GC heap before
{Heap before GC invocations=80 (full 0):
 garbage-first heap   total 245760K, used 192025K [0x0000000080000000, 0x0000000100000000)
  region size 1024K, 98 young (100352K), 6 survivors (6144K)
 Metaspace       used 95851K, capacity 98531K, committed 99072K, reserved 1134592K
  class space    used 12550K, capacity 13554K, committed 13824K, reserved 1048576K
}
Event: 55.246 GC heap after
{Heap after GC invocations=81 (full 0):
 garbage-first heap   total 245760K, used 98273K [0x0000000080000000, 0x0000000100000000)
  region size 1024K, 6 young (6144K), 6 survivors (6144K)
 Metaspace       used 95851K, capacity 98531K, committed 99072K, reserved 1134592K
  class space    used 12550K, capacity 13554K, committed 13824K, reserved 1048576K
}
Event: 55.609 GC heap before
{Heap before GC invocations=81 (full 0):
 garbage-first heap   total 245760K, used 205793K [0x0000000080000000, 0x0000000100000000)
  region size 1024K, 111 young (113664K), 6 survivors (6144K)
 Metaspace       used 95946K, capacity 98612K, committed 99328K, reserved 1134592K
  class space    used 12551K, capacity 13555K, committed 13824K, reserved 1048576K
}
Event: 55.622 GC heap after
{Heap after GC invocations=82 (full 0):
 garbage-first heap   total 245760K, used 99605K [0x0000000080000000, 0x0000000100000000)
  region size 1024K, 8 young (8192K), 8 survivors (8192K)
 Metaspace       used 95946K, capacity 98612K, committed 99328K, reserved 1134592K
  class space    used 12551K, capacity 13555K, committed 13824K, reserved 1048576K
}
Event: 56.052 GC heap before
{Heap before GC invocations=82 (full 0):
 garbage-first heap   total 245760K, used 208149K [0x0000000080000000, 0x0000000100000000)
  region size 1024K, 114 young (116736K), 8 survivors (8192K)
 Metaspace       used 96800K, capacity 99471K, committed 99840K, reserved 1134592K
  class space    used 12660K, capacity 13687K, committed 13824K, reserved 1048576K
}
Event: 56.067 GC heap after
{Heap after GC invocations=83 (full 0):
 garbage-first heap   total 245760K, used 101229K [0x0000000080000000, 0x0000000100000000)
  region size 1024K, 9 young (9216K), 9 survivors (9216K)
 Metaspace       used 96800K, capacity 99471K, committed 99840K, reserved 1134592K
  class space    used 12660K, capacity 13687K, committed 13824K, reserved 1048576K
}
Event: 56.560 GC heap before
{Heap before GC invocations=83 (full 0):
 garbage-first heap   total 245760K, used 212845K [0x0000000080000000, 0x0000000100000000)
  region size 1024K, 117 young (119808K), 9 survivors (9216K)
 Metaspace       used 97585K, capacity 100312K, committed 100352K, reserved 1136640K
  class space    used 12760K, capacity 13807K, committed 13824K, reserved 1048576K
}
Event: 56.581 GC heap after
{Heap after GC invocations=84 (full 0):
 garbage-first heap   total 299008K, used 100497K [0x0000000080000000, 0x0000000100000000)
  region size 1024K, 8 young (8192K), 8 survivors (8192K)
 Metaspace       used 97585K, capacity 100312K, committed 100352K, reserved 1136640K
  class space    used 12760K, capacity 13807K, committed 13824K, reserved 1048576K
}
Event: 57.220 GC heap before
{Heap before GC invocations=84 (full 0):
 garbage-first heap   total 299008K, used 240785K [0x0000000080000000, 0x0000000100000000)
  region size 1024K, 145 young (148480K), 8 survivors (8192K)
 Metaspace       used 97640K, capacity 100390K, committed 100608K, reserved 1136640K
  class space    used 12767K, capacity 13812K, committed 13824K, reserved 1048576K
}
Event: 57.233 GC heap after
{Heap after GC invocations=85 (full 0):
 garbage-first heap   total 299008K, used 101132K [0x0000000080000000, 0x0000000100000000)
  region size 1024K, 8 young (8192K), 8 survivors (8192K)
 Metaspace       used 97640K, capacity 100390K, committed 100608K, reserved 1136640K
  class space    used 12767K, capacity 13812K, committed 13824K, reserved 1048576K
}
Event: 58.012 GC heap before
{Heap before GC invocations=85 (full 0):
 garbage-first heap   total 299008K, used 252684K [0x0000000080000000, 0x0000000100000000)
  region size 1024K, 155 young (158720K), 8 survivors (8192K)
 Metaspace       used 97770K, capacity 100516K, committed 100736K, reserved 1136640K
  class space    used 12768K, capacity 13844K, committed 13952K, reserved 1048576K
}
Event: 58.031 GC heap after
{Heap after GC invocations=86 (full 0):
 garbage-first heap   total 299008K, used 101510K [0x0000000080000000, 0x0000000100000000)
  region size 1024K, 9 young (9216K), 9 survivors (9216K)
 Metaspace       used 97770K, capacity 100516K, committed 100736K, reserved 1136640K
  class space    used 12768K, capacity 13844K, committed 13952K, reserved 1048576K
}
Event: 58.995 GC heap before
{Heap before GC invocations=86 (full 0):
 garbage-first heap   total 299008K, used 253062K [0x0000000080000000, 0x0000000100000000)
  region size 1024K, 157 young (160768K), 9 survivors (9216K)
 Metaspace       used 97791K, capacity 100580K, committed 100736K, reserved 1136640K
  class space    used 12768K, capacity 13844K, committed 13952K, reserved 1048576K
}
Event: 59.009 GC heap after
{Heap after GC invocations=87 (full 0):
 garbage-first heap   total 299008K, used 103969K [0x0000000080000000, 0x0000000100000000)
  region size 1024K, 11 young (11264K), 11 survivors (11264K)
 Metaspace       used 97791K, capacity 100580K, committed 100736K, reserved 1136640K
  class space    used 12768K, capacity 13844K, committed 13952K, reserved 1048576K
}
Event: 60.997 GC heap before
{Heap before GC invocations=87 (full 0):
 garbage-first heap   total 299008K, used 272929K [0x0000000080000000, 0x0000000100000000)
  region size 1024K, 160 young (163840K), 11 survivors (11264K)
 Metaspace       used 99921K, capacity 102757K, committed 103040K, reserved 1138688K
  class space    used 12990K, capacity 14091K, committed 14208K, reserved 1048576K
}
Event: 61.251 GC heap after
{Heap after GC invocations=88 (full 0):
 garbage-first heap   total 396288K, used 159555K [0x0000000080000000, 0x0000000100000000)
  region size 1024K, 20 young (20480K), 20 survivors (20480K)
 Metaspace       used 99921K, capacity 102757K, committed 103040K, reserved 1138688K
  class space    used 12990K, capacity 14091K, committed 14208K, reserved 1048576K
}

